业务组件/会议组件/SampleCode/Android/app/build/intermediates/manifest_merge_blame_file/debug/manifest-merger-blame-debug-report.txt
1<?xml version="1.0" encoding="utf-8"?>
2<manifest xmlns:android="http://schemas.android.com/apk/res/android"
3    package="com.netease.meetinglib.demo"
4    android:versionCode="1070000"
5    android:versionName="1.7.0" >
6
7    <uses-sdk
8        android:minSdkVersion="21"
8-->src/main/AndroidManifest.xml
9        android:targetSdkVersion="28" />
9-->src/main/AndroidManifest.xml
10    <!-- 日历 -->
11    <uses-permission android:name="android.permission.READ_CALENDAR" />
11-->src/main/AndroidManifest.xml:56:5-72
11-->src/main/AndroidManifest.xml:56:22-69
12    <uses-permission android:name="android.permission.WRITE_CALENDAR" />
12-->src/main/AndroidManifest.xml:57:5-73
12-->src/main/AndroidManifest.xml:57:22-70
13    <!-- 网络相关 -->
14    <uses-permission android:name="android.permission.INTERNET" />
14-->src/main/AndroidManifest.xml:59:5-67
14-->src/main/AndroidManifest.xml:59:22-64
15    <uses-permission android:name="android.permission.ACCESS_NETWORK_STATE" />
15-->src/main/AndroidManifest.xml:60:5-79
15-->src/main/AndroidManifest.xml:60:22-76
16    <uses-permission android:name="android.permission.ACCESS_WIFI_STATE" /> <!-- 读写文件 -->
16-->src/main/AndroidManifest.xml:61:5-76
16-->src/main/AndroidManifest.xml:61:22-73
17    <uses-permission android:name="android.permission.CHANGE_WIFI_STATE" />
17-->src/main/AndroidManifest.xml:62:5-76
17-->src/main/AndroidManifest.xml:62:22-73
18    <uses-permission android:name="android.permission.READ_EXTERNAL_STORAGE" /> <!-- 多媒体 -->
18-->src/main/AndroidManifest.xml:63:5-80
18-->src/main/AndroidManifest.xml:63:22-77
19    <uses-permission android:name="android.permission.WRITE_EXTERNAL_STORAGE" />
19-->src/main/AndroidManifest.xml:64:5-81
19-->src/main/AndroidManifest.xml:64:22-78
20    <uses-permission android:name="android.permission.READ_PHONE_STATE" />
20-->src/main/AndroidManifest.xml:65:5-75
20-->src/main/AndroidManifest.xml:65:22-72
21    <uses-permission android:name="android.permission.CAMERA" /> <!-- 8.0 系统上需要 -->
21-->src/main/AndroidManifest.xml:66:5-65
21-->src/main/AndroidManifest.xml:66:22-62
22    <uses-permission android:name="android.permission.RECORD_AUDIO" />
22-->src/main/AndroidManifest.xml:67:5-71
22-->src/main/AndroidManifest.xml:67:22-68
23    <uses-permission android:name="android.permission.FOREGROUND_SERVICE" />
23-->src/main/AndroidManifest.xml:69:5-77
23-->src/main/AndroidManifest.xml:69:22-74
24    <uses-permission android:name="android.permission.INTERACT_ACROSS_USERS" /> <!-- 手机状态 -->
24-->[com.netease.yunxin:meetinglib:2.0.0] AndroidManifest.xml:22:5-80
24-->[com.netease.yunxin:meetinglib:2.0.0] AndroidManifest.xml:22:22-77
25    <uses-permission android:name="android.permission.GET_TASKS" />
25-->[com.netease.yunxin:meetinglib:2.0.0] AndroidManifest.xml:23:5-68
25-->[com.netease.yunxin:meetinglib:2.0.0] AndroidManifest.xml:23:22-65
26    <uses-permission android:name="android.permission.WAKE_LOCK" />
26-->[com.netease.yunxin:meetinglib:2.0.0] AndroidManifest.xml:24:5-68
26-->[com.netease.yunxin:meetinglib:2.0.0] AndroidManifest.xml:24:22-65
27    <uses-permission android:name="android.permission.MODIFY_AUDIO_SETTINGS" />
27-->[com.netease.yunxin:meetinglib:2.0.0] AndroidManifest.xml:25:5-80
27-->[com.netease.yunxin:meetinglib:2.0.0] AndroidManifest.xml:25:22-77
28    <uses-permission android:name="android.permission.BLUETOOTH" />
28-->[com.netease.yunxin:meetinglib:2.0.0] AndroidManifest.xml:26:5-68
28-->[com.netease.yunxin:meetinglib:2.0.0] AndroidManifest.xml:26:22-65
29    <uses-permission android:name="android.permission.BROADCAST_STICKY" />
29-->[com.netease.yunxin:meetinglib:2.0.0] AndroidManifest.xml:27:5-75
29-->[com.netease.yunxin:meetinglib:2.0.0] AndroidManifest.xml:27:22-72
30
31    <application
31-->src/main/AndroidManifest.xml:4:5-54:19
32        android:name="com.netease.meetinglib.demo.MeetingApplication"
32-->src/main/AndroidManifest.xml:5:9-43
33        android:allowBackup="true"
33-->src/main/AndroidManifest.xml:6:9-35
34        android:appComponentFactory="androidx.core.app.CoreComponentFactory"
34-->[androidx.core:core:1.3.0] AndroidManifest.xml:24:18-86
35        android:debuggable="true"
36        android:icon="@mipmap/ic_launcher"
36-->src/main/AndroidManifest.xml:7:9-43
37        android:label="@string/app_name"
37-->src/main/AndroidManifest.xml:8:9-41
38        android:networkSecurityConfig="@xml/network_security_config"
38-->src/main/AndroidManifest.xml:10:9-69
39        android:roundIcon="@mipmap/ic_launcher_round"
39-->src/main/AndroidManifest.xml:9:9-54
40        android:supportsRtl="true"
40-->src/main/AndroidManifest.xml:11:9-35
41        android:testOnly="true"
42        android:theme="@style/AppTheme" >
42-->src/main/AndroidManifest.xml:12:9-40
43        <activity
43-->src/main/AndroidManifest.xml:13:9-23:20
44            android:name="com.netease.meetinglib.demo.MainActivity"
44-->src/main/AndroidManifest.xml:14:13-41
45            android:resizeableActivity="false"
45-->src/main/AndroidManifest.xml:16:13-47
46            android:screenOrientation="portrait" >
46-->src/main/AndroidManifest.xml:15:13-49
47            <intent-filter>
47-->src/main/AndroidManifest.xml:17:13-21:29
48                <action android:name="android.intent.action.MAIN" />
48-->src/main/AndroidManifest.xml:18:17-69
48-->src/main/AndroidManifest.xml:18:25-66
49
50                <category android:name="android.intent.category.LAUNCHER" />
50-->src/main/AndroidManifest.xml:20:17-77
50-->src/main/AndroidManifest.xml:20:27-74
51            </intent-filter>
52        </activity>
53        <activity
53-->src/main/AndroidManifest.xml:25:9-40:20
54            android:name="com.netease.meetinglib.demo.EntryActivity"
54-->src/main/AndroidManifest.xml:25:19-48
55            android:launchMode="singleTask" >
55-->src/main/AndroidManifest.xml:26:13-44
56            <intent-filter>
56-->src/main/AndroidManifest.xml:29:13-38:29
57                <action android:name="android.intent.action.VIEW" />
57-->src/main/AndroidManifest.xml:30:17-69
57-->src/main/AndroidManifest.xml:30:25-66
58
59                <category android:name="android.intent.category.DEFAULT" />
59-->src/main/AndroidManifest.xml:32:17-76
59-->src/main/AndroidManifest.xml:32:27-73
60                <category android:name="android.intent.category.BROWSABLE" />
60-->src/main/AndroidManifest.xml:33:17-78
60-->src/main/AndroidManifest.xml:33:27-75
61
62                <data
62-->src/main/AndroidManifest.xml:35:17-37:54
63                    android:host="meeting.netease.im"
63-->src/main/AndroidManifest.xml:36:21-54
64                    android:scheme="nemeetingdemo" />
64-->src/main/AndroidManifest.xml:37:21-51
65            </intent-filter>
66        </activity>
67        <activity
67-->src/main/AndroidManifest.xml:42:9-44:36
68            android:name="com.netease.meetinglib.demo.MeetingSettingsActivity"
68-->src/main/AndroidManifest.xml:43:13-52
69            android:label="会议设置" />
69-->src/main/AndroidManifest.xml:44:13-33
70        <activity
70-->src/main/AndroidManifest.xml:45:9-47:36
71            android:name="com.netease.meetinglib.demo.AppSettingsActivity"
71-->src/main/AndroidManifest.xml:46:13-48
72            android:label="应用设置" />
72-->src/main/AndroidManifest.xml:47:13-33
73        <activity
73-->src/main/AndroidManifest.xml:48:9-50:36
74            android:name="com.netease.meetinglib.demo.nim.NIMLoginActivity"
74-->src/main/AndroidManifest.xml:49:13-49
75            android:label="IM登录" />
75-->src/main/AndroidManifest.xml:50:13-33
76        <activity android:name="com.netease.meetinglib.demo.menu.InjectMenuArrangeActivity" />
76-->src/main/AndroidManifest.xml:52:9-68
76-->src/main/AndroidManifest.xml:52:19-65
77        <activity android:name="com.netease.meetinglib.demo.menu.ControllerInjectMenuArrangeActivity" />
77-->src/main/AndroidManifest.xml:53:9-78
77-->src/main/AndroidManifest.xml:53:19-75
78        <activity
78-->[com.netease.yunxin:meetinglib:2.0.0] AndroidManifest.xml:30:9-37:58
79            android:name="com.netease.meetinglib.ui.NEMeetingActivity"
79-->[com.netease.yunxin:meetinglib:2.0.0] AndroidManifest.xml:31:13-71
80            android:configChanges="orientation|keyboardHidden|keyboard|screenSize|locale|layoutDirection|fontScale|screenLayout|density|uiMode"
80-->[com.netease.yunxin:meetinglib:2.0.0] AndroidManifest.xml:32:13-144
81            android:hardwareAccelerated="true"
81-->[com.netease.yunxin:meetinglib:2.0.0] AndroidManifest.xml:33:13-47
82            android:launchMode="singleTask"
82-->[com.netease.yunxin:meetinglib:2.0.0] AndroidManifest.xml:34:13-44
83            android:resizeableActivity="false"
83-->[com.netease.yunxin:meetinglib:2.0.0] AndroidManifest.xml:35:13-47
84            android:theme="@android:style/Theme.NoTitleBar"
84-->[com.netease.yunxin:meetinglib:2.0.0] AndroidManifest.xml:36:13-60
85            android:windowSoftInputMode="adjustResize" />
85-->[com.netease.yunxin:meetinglib:2.0.0] AndroidManifest.xml:37:13-55
86
87        <meta-data
87-->[com.netease.yunxin:meetinglib:2.0.0] AndroidManifest.xml:39:9-41:38
88            android:name="flutterProjectType"
88-->[com.netease.yunxin:meetinglib:2.0.0] AndroidManifest.xml:40:13-46
89            android:value="module" />
89-->[com.netease.yunxin:meetinglib:2.0.0] AndroidManifest.xml:41:13-35
90        <!--
91           Don't delete the meta-data below.
92           It is used by the Flutter tool to generate GeneratedPluginRegistrant.java
93        -->
94        <meta-data
94-->[com.netease.yunxin:meetinglib:2.0.0] AndroidManifest.xml:46:9-48:33
95            android:name="flutterEmbedding"
95-->[com.netease.yunxin:meetinglib:2.0.0] AndroidManifest.xml:47:13-44
96            android:value="2" />
96-->[com.netease.yunxin:meetinglib:2.0.0] AndroidManifest.xml:48:13-30
97
98        <service
98-->[com.netease.yunxin:meetinglib:2.0.0] AndroidManifest.xml:50:9-58:19
99            android:name="com.netease.meeting.plugin.foregroundservice.NEForegroundService"
99-->[com.netease.yunxin:meetinglib:2.0.0] AndroidManifest.xml:51:13-92
100            android:enabled="true"
100-->[com.netease.yunxin:meetinglib:2.0.0] AndroidManifest.xml:52:13-35
101            android:exported="false"
101-->[com.netease.yunxin:meetinglib:2.0.0] AndroidManifest.xml:53:13-37
102            android:foregroundServiceType="mediaProjection" >
102-->[com.netease.yunxin:meetinglib:2.0.0] AndroidManifest.xml:54:13-60
103            <intent-filter>
103-->[com.netease.yunxin:meetinglib:2.0.0] AndroidManifest.xml:55:13-57:29
104                <action android:name="com.netease.Yunxin.ScreenShare" />
104-->[com.netease.yunxin:meetinglib:2.0.0] AndroidManifest.xml:56:17-73
104-->[com.netease.yunxin:meetinglib:2.0.0] AndroidManifest.xml:56:25-70
105            </intent-filter>
106        </service> <!-- 声明云信后台服务 -->
107        <service
107-->[com.netease.yunxin:meetinglib:2.0.0] AndroidManifest.xml:59:9-61:39
108            android:name="com.netease.nimlib.service.NimService"
108-->[com.netease.yunxin:meetinglib:2.0.0] AndroidManifest.xml:60:13-65
109            android:process=":core" /> <!-- 运行后台辅助服务 -->
109-->[com.netease.yunxin:meetinglib:2.0.0] AndroidManifest.xml:61:13-36
110        <service
110-->[com.netease.yunxin:meetinglib:2.0.0] AndroidManifest.xml:62:9-64:39
111            android:name="com.netease.nimlib.service.NimService$Aux"
111-->[com.netease.yunxin:meetinglib:2.0.0] AndroidManifest.xml:63:13-69
112            android:process=":core" /> <!-- 声明云信后台辅助服务 -->
112-->[com.netease.yunxin:meetinglib:2.0.0] AndroidManifest.xml:64:13-36
113        <service
113-->[com.netease.yunxin:meetinglib:2.0.0] AndroidManifest.xml:65:9-69:39
114            android:name="com.netease.nimlib.job.NIMJobService"
114-->[com.netease.yunxin:meetinglib:2.0.0] AndroidManifest.xml:66:13-64
115            android:exported="true"
115-->[com.netease.yunxin:meetinglib:2.0.0] AndroidManifest.xml:67:13-36
116            android:permission="android.permission.BIND_JOB_SERVICE"
116-->[com.netease.yunxin:meetinglib:2.0.0] AndroidManifest.xml:68:13-69
117            android:process=":core" /> <!-- 云信SDK的监视系统启动和网络变化的广播接收器，用户开机自启动以及网络变化时候重新登录 -->
117-->[com.netease.yunxin:meetinglib:2.0.0] AndroidManifest.xml:69:13-36
118        <receiver
118-->[com.netease.yunxin:meetinglib:2.0.0] AndroidManifest.xml:70:9-78:20
119            android:name="com.netease.nimlib.service.NimReceiver"
119-->[com.netease.yunxin:meetinglib:2.0.0] AndroidManifest.xml:71:13-66
120            android:exported="false"
120-->[com.netease.yunxin:meetinglib:2.0.0] AndroidManifest.xml:72:13-37
121            android:process=":core" >
121-->[com.netease.yunxin:meetinglib:2.0.0] AndroidManifest.xml:73:13-36
122            <intent-filter>
122-->[com.netease.yunxin:meetinglib:2.0.0] AndroidManifest.xml:74:13-77:29
123                <action android:name="android.intent.action.BOOT_COMPLETED" />
123-->[com.netease.yunxin:meetinglib:2.0.0] AndroidManifest.xml:75:17-79
123-->[com.netease.yunxin:meetinglib:2.0.0] AndroidManifest.xml:75:25-76
124                <action android:name="android.net.conn.CONNECTIVITY_CHANGE" />
124-->[com.netease.yunxin:meetinglib:2.0.0] AndroidManifest.xml:76:17-79
124-->[com.netease.yunxin:meetinglib:2.0.0] AndroidManifest.xml:76:25-76
125            </intent-filter>
126        </receiver> <!-- 云信进程间通信receiver -->
127        <receiver android:name="com.netease.nimlib.service.ResponseReceiver" /> <!-- 云信进程间通信service -->
127-->[com.netease.yunxin:meetinglib:2.0.0] AndroidManifest.xml:79:9-80
127-->[com.netease.yunxin:meetinglib:2.0.0] AndroidManifest.xml:79:19-77
128        <service android:name="com.netease.nimlib.service.ResponseService" />
128-->[com.netease.yunxin:meetinglib:2.0.0] AndroidManifest.xml:80:9-78
128-->[com.netease.yunxin:meetinglib:2.0.0] AndroidManifest.xml:80:18-75
129
130        <activity
130-->[com.netease.yunxin:meetinglib:2.0.0] AndroidManifest.xml:82:9-85:74
131            android:name="io.flutter.plugins.urllauncher.WebViewActivity"
131-->[com.netease.yunxin:meetinglib:2.0.0] AndroidManifest.xml:83:13-74
132            android:exported="false"
132-->[com.netease.yunxin:meetinglib:2.0.0] AndroidManifest.xml:84:13-37
133            android:theme="@android:style/Theme.NoTitleBar.Fullscreen" /> <!-- 云信内部使用的进程间通信provider -->
133-->[com.netease.yunxin:meetinglib:2.0.0] AndroidManifest.xml:85:13-71
134        <provider
134-->[com.netease.nimlib:basesdk:8.4.6] AndroidManifest.xml:64:9-67:40
135            android:name="com.netease.nimlib.ipc.cp.provider.PreferenceContentProvider"
135-->[com.netease.nimlib:basesdk:8.4.6] AndroidManifest.xml:65:13-88
136            android:authorities="com.netease.meetinglib.demo.ipc.provider.preference"
136-->[com.netease.nimlib:basesdk:8.4.6] AndroidManifest.xml:66:13-75
137            android:exported="false" />
137-->[com.netease.nimlib:basesdk:8.4.6] AndroidManifest.xml:67:13-37
138        <provider
138-->[androidx.lifecycle:lifecycle-process:2.1.0] AndroidManifest.xml:23:9-27:43
139            android:name="androidx.lifecycle.ProcessLifecycleOwnerInitializer"
139-->[androidx.lifecycle:lifecycle-process:2.1.0] AndroidManifest.xml:24:13-79
140            android:authorities="com.netease.meetinglib.demo.lifecycle-process"
140-->[androidx.lifecycle:lifecycle-process:2.1.0] AndroidManifest.xml:25:13-69
141            android:exported="false"
141-->[androidx.lifecycle:lifecycle-process:2.1.0] AndroidManifest.xml:26:13-37
142            android:multiprocess="true" />
142-->[androidx.lifecycle:lifecycle-process:2.1.0] AndroidManifest.xml:27:13-40
143    </application>
144
145</manifest>